<?xml version="1.0" encoding="UTF-8"?>
<!-- Generated by org.testng.reporters.JUnitReportReporter -->
<testsuite hostname="DESKTOP-LPJ0J81" failures="0" tests="2" name="Mavenfinal.TestHomepage" time="58.699" errors="0" timestamp="2021-12-01T10:47:12 IST" skipped="0">
  <testcase classname="Mavenfinal.TestHomepage" name="Validatelogin" time="29.538"/>
  <system-out/>
  <testcase classname="Mavenfinal.TestHomepage" name="Registration" time="29.161"/>
  <system-out/>
</testsuite> <!-- Mavenfinal.TestHomepage -->
