<?xml version="1.0" encoding="UTF-8"?>
<!-- Generated by org.testng.reporters.JUnitReportReporter -->
<testsuite hostname="DESKTOP-LPJ0J81" failures="0" tests="1" name="Mavenfinal.TestLogin" time="225.763" errors="0" timestamp="2021-12-03T19:43:26 IST" skipped="0">
  <testcase classname="Mavenfinal.TestLogin" name="Validatelogin" time="225.763"/>
  <system-out/>
</testsuite> <!-- Mavenfinal.TestLogin -->
