<?xml version="1.0" encoding="UTF-8"?>
<!-- Generated by org.testng.reporters.JUnitReportReporter -->
<testsuite skipped="0" hostname="DESKTOP-LPJ0J81" name="Mavenfinal.TestRegistration" tests="1" failures="0" timestamp="2021-12-03T19:16:52 IST" time="288.510" errors="0">
  <testcase name="Registration" time="288.510" classname="Mavenfinal.TestRegistration"/>
  <system-out/>
</testsuite> <!-- Mavenfinal.TestRegistration -->
