<?xml version="1.0" encoding="UTF-8"?>
<!-- Generated by org.testng.reporters.JUnitReportReporter -->
<testsuite skipped="0" hostname="DESKTOP-LPJ0J81" name="Mavenfinal.TestFlighttcketbooking" tests="1" failures="0" timestamp="2021-12-03T19:16:52 IST" time="230.160" errors="0">
  <testcase name="FlightTicketbook" time="230.160" classname="Mavenfinal.TestFlighttcketbooking"/>
  <system-out/>
</testsuite> <!-- Mavenfinal.TestFlighttcketbooking -->
